  SerialDriver.cpp
d:\baidunetdiskdownload\scannersdk\scannersdk\serialdriver.cpp(8): error C2653: “SerialDriver”: 不是类或命名空间名称
d:\baidunetdiskdownload\scannersdk\scannersdk\serialdriver.cpp(9): error C4430: 缺少类型说明符 - 假定为 int。注意: C++ 不支持默认 int
d:\baidunetdiskdownload\scannersdk\scannersdk\serialdriver.cpp(10): error C2065: “mhCom”: 未声明的标识符
d:\baidunetdiskdownload\scannersdk\scannersdk\serialdriver.cpp(11): error C2065: “mRecThread”: 未声明的标识符
d:\baidunetdiskdownload\scannersdk\scannersdk\serialdriver.cpp(12): error C2065: “mbOpenFlag”: 未声明的标识符
d:\baidunetdiskdownload\scannersdk\scannersdk\serialdriver.cpp(13): error C2065: “mStrCom”: 未声明的标识符
d:\baidunetdiskdownload\scannersdk\scannersdk\serialdriver.cpp(14): error C2065: “muComDcb”: 未声明的标识符
d:\baidunetdiskdownload\scannersdk\scannersdk\serialdriver.cpp(14): error C2228: “.BaudRate”的左边必须有类/结构/联合
  d:\baidunetdiskdownload\scannersdk\scannersdk\serialdriver.cpp(14): note: 类型是“unknown-type”
d:\baidunetdiskdownload\scannersdk\scannersdk\serialdriver.cpp(15): error C2065: “muComDcb”: 未声明的标识符
d:\baidunetdiskdownload\scannersdk\scannersdk\serialdriver.cpp(15): error C2228: “.ByteSize”的左边必须有类/结构/联合
  d:\baidunetdiskdownload\scannersdk\scannersdk\serialdriver.cpp(15): note: 类型是“unknown-type”
d:\baidunetdiskdownload\scannersdk\scannersdk\serialdriver.cpp(16): error C2065: “muComDcb”: 未声明的标识符
d:\baidunetdiskdownload\scannersdk\scannersdk\serialdriver.cpp(16): error C2228: “.StopBits”的左边必须有类/结构/联合
  d:\baidunetdiskdownload\scannersdk\scannersdk\serialdriver.cpp(16): note: 类型是“unknown-type”
d:\baidunetdiskdownload\scannersdk\scannersdk\serialdriver.cpp(17): error C2065: “muComDcb”: 未声明的标识符
d:\baidunetdiskdownload\scannersdk\scannersdk\serialdriver.cpp(17): error C2228: “.fDtrControl”的左边必须有类/结构/联合
  d:\baidunetdiskdownload\scannersdk\scannersdk\serialdriver.cpp(17): note: 类型是“unknown-type”
d:\baidunetdiskdownload\scannersdk\scannersdk\serialdriver.cpp(18): error C2065: “muComDcb”: 未声明的标识符
d:\baidunetdiskdownload\scannersdk\scannersdk\serialdriver.cpp(18): error C2228: “.Parity”的左边必须有类/结构/联合
  d:\baidunetdiskdownload\scannersdk\scannersdk\serialdriver.cpp(18): note: 类型是“unknown-type”
d:\baidunetdiskdownload\scannersdk\scannersdk\serialdriver.cpp(19): error C2065: “muComDcb”: 未声明的标识符
d:\baidunetdiskdownload\scannersdk\scannersdk\serialdriver.cpp(19): error C2228: “.fBinary”的左边必须有类/结构/联合
  d:\baidunetdiskdownload\scannersdk\scannersdk\serialdriver.cpp(19): note: 类型是“unknown-type”
d:\baidunetdiskdownload\scannersdk\scannersdk\serialdriver.cpp(22): error C2065: “mRecBuf”: 未声明的标识符
d:\baidunetdiskdownload\scannersdk\scannersdk\serialdriver.cpp(22): error C3861: “CycBufInit”: 找不到标识符
d:\baidunetdiskdownload\scannersdk\scannersdk\serialdriver.cpp(23): warning C4508: “SerialDriver”: 函数应返回一个值；假定“void”返回类型
d:\baidunetdiskdownload\scannersdk\scannersdk\serialdriver.cpp(28): error C2653: “SerialDriver”: 不是类或命名空间名称
d:\baidunetdiskdownload\scannersdk\scannersdk\serialdriver.cpp(28): error C2065: “SerialRecBuf”: 未声明的标识符
d:\baidunetdiskdownload\scannersdk\scannersdk\serialdriver.cpp(28): error C2065: “pBuf”: 未声明的标识符
d:\baidunetdiskdownload\scannersdk\scannersdk\serialdriver.cpp(28): error C2182: “CycBufInit”: 非法使用“void”类型
d:\baidunetdiskdownload\scannersdk\scannersdk\serialdriver.cpp(29): error C2448: “CycBufInit”: 函数样式初始值设定项类似函数定义
d:\baidunetdiskdownload\scannersdk\scannersdk\serialdriver.cpp(43): error C2653: “SerialDriver”: 不是类或命名空间名称
d:\baidunetdiskdownload\scannersdk\scannersdk\serialdriver.cpp(43): error C2065: “SerialRecBuf”: 未声明的标识符
d:\baidunetdiskdownload\scannersdk\scannersdk\serialdriver.cpp(43): error C2065: “pBuf”: 未声明的标识符
d:\baidunetdiskdownload\scannersdk\scannersdk\serialdriver.cpp(43): error C2065: “pRByte”: 未声明的标识符
d:\baidunetdiskdownload\scannersdk\scannersdk\serialdriver.cpp(43): error C2275: “uint8_t”: 将此类型用作表达式非法
  c:\program files (x86)\microsoft visual studio 14.0\vc\include\stdint.h(21): note: 参见“uint8_t”的声明
d:\baidunetdiskdownload\scannersdk\scannersdk\serialdriver.cpp(44): error C2448: “CycBufRead”: 函数样式初始值设定项类似函数定义
d:\baidunetdiskdownload\scannersdk\scannersdk\serialdriver.cpp(65): error C2653: “SerialDriver”: 不是类或命名空间名称
d:\baidunetdiskdownload\scannersdk\scannersdk\serialdriver.cpp(65): error C2065: “SerialRecBuf”: 未声明的标识符
d:\baidunetdiskdownload\scannersdk\scannersdk\serialdriver.cpp(65): error C2065: “pBuf”: 未声明的标识符
d:\baidunetdiskdownload\scannersdk\scannersdk\serialdriver.cpp(65): error C2275: “uint8_t”: 将此类型用作表达式非法
  c:\program files (x86)\microsoft visual studio 14.0\vc\include\stdint.h(21): note: 参见“uint8_t”的声明
d:\baidunetdiskdownload\scannersdk\scannersdk\serialdriver.cpp(65): error C2146: 语法错误: 缺少“)”(在标识符“byWbyte”的前面)
d:\baidunetdiskdownload\scannersdk\scannersdk\serialdriver.cpp(66): error C2143: 语法错误: 缺少“;”(在“{”的前面)
d:\baidunetdiskdownload\scannersdk\scannersdk\serialdriver.cpp(66): error C2447: “{”: 缺少函数标题(是否是老式的形式表?)
d:\baidunetdiskdownload\scannersdk\scannersdk\serialdriver.cpp(84): error C2653: “SerialDriver”: 不是类或命名空间名称
d:\baidunetdiskdownload\scannersdk\scannersdk\serialdriver.cpp(84): error C2065: “SerialInit_t”: 未声明的标识符
d:\baidunetdiskdownload\scannersdk\scannersdk\serialdriver.cpp(84): error C2059: 语法错误:“const”
d:\baidunetdiskdownload\scannersdk\scannersdk\serialdriver.cpp(85): error C2143: 语法错误: 缺少“;”(在“{”的前面)
d:\baidunetdiskdownload\scannersdk\scannersdk\serialdriver.cpp(85): error C2447: “{”: 缺少函数标题(是否是老式的形式表?)
d:\baidunetdiskdownload\scannersdk\scannersdk\serialdriver.cpp(100): error C2653: “SerialDriver”: 不是类或命名空间名称
d:\baidunetdiskdownload\scannersdk\scannersdk\serialdriver.cpp(105): error C2065: “mStrCom”: 未声明的标识符
d:\baidunetdiskdownload\scannersdk\scannersdk\serialdriver.cpp(107): error C2065: “mhCom”: 未声明的标识符
d:\baidunetdiskdownload\scannersdk\scannersdk\serialdriver.cpp(109): error C2065: “mhCom”: 未声明的标识符
d:\baidunetdiskdownload\scannersdk\scannersdk\serialdriver.cpp(110): error C2065: “mbOpenFlag”: 未声明的标识符
d:\baidunetdiskdownload\scannersdk\scannersdk\serialdriver.cpp(112): error C2065: “mhCom”: 未声明的标识符
d:\baidunetdiskdownload\scannersdk\scannersdk\serialdriver.cpp(113): error C2065: “mStrCom”: 未声明的标识符
d:\baidunetdiskdownload\scannersdk\scannersdk\serialdriver.cpp(113): error C2228: “.c_str”的左边必须有类/结构/联合
d:\baidunetdiskdownload\scannersdk\scannersdk\serialdriver.cpp(121): error C2065: “mhCom”: 未声明的标识符
d:\baidunetdiskdownload\scannersdk\scannersdk\serialdriver.cpp(123): error C2065: “mbOpenFlag”: 未声明的标识符
d:\baidunetdiskdownload\scannersdk\scannersdk\serialdriver.cpp(124): error C2065: “SR_FAIL”: 未声明的标识符
d:\baidunetdiskdownload\scannersdk\scannersdk\serialdriver.cpp(128): error C2065: “mhCom”: 未声明的标识符
d:\baidunetdiskdownload\scannersdk\scannersdk\serialdriver.cpp(129): error C2065: “muComDcb”: 未声明的标识符
d:\baidunetdiskdownload\scannersdk\scannersdk\serialdriver.cpp(129): error C2228: “.BaudRate”的左边必须有类/结构/联合
  d:\baidunetdiskdownload\scannersdk\scannersdk\serialdriver.cpp(129): note: 类型是“unknown-type”
d:\baidunetdiskdownload\scannersdk\scannersdk\serialdriver.cpp(130): error C2065: “muComDcb”: 未声明的标识符
d:\baidunetdiskdownload\scannersdk\scannersdk\serialdriver.cpp(130): error C2228: “.ByteSize”的左边必须有类/结构/联合
  d:\baidunetdiskdownload\scannersdk\scannersdk\serialdriver.cpp(130): note: 类型是“unknown-type”
d:\baidunetdiskdownload\scannersdk\scannersdk\serialdriver.cpp(131): error C2065: “muComDcb”: 未声明的标识符
d:\baidunetdiskdownload\scannersdk\scannersdk\serialdriver.cpp(131): error C2228: “.Parity”的左边必须有类/结构/联合
  d:\baidunetdiskdownload\scannersdk\scannersdk\serialdriver.cpp(131): note: 类型是“unknown-type”
d:\baidunetdiskdownload\scannersdk\scannersdk\serialdriver.cpp(132): error C2065: “muComDcb”: 未声明的标识符
d:\baidunetdiskdownload\scannersdk\scannersdk\serialdriver.cpp(132): error C2228: “.StopBits”的左边必须有类/结构/联合
  d:\baidunetdiskdownload\scannersdk\scannersdk\serialdriver.cpp(132): note: 类型是“unknown-type”
d:\baidunetdiskdownload\scannersdk\scannersdk\serialdriver.cpp(133): error C2065: “muComDcb”: 未声明的标识符
d:\baidunetdiskdownload\scannersdk\scannersdk\serialdriver.cpp(133): error C2228: “.fBinary”的左边必须有类/结构/联合
  d:\baidunetdiskdownload\scannersdk\scannersdk\serialdriver.cpp(133): note: 类型是“unknown-type”
d:\baidunetdiskdownload\scannersdk\scannersdk\serialdriver.cpp(134): error C2065: “muComDcb”: 未声明的标识符
d:\baidunetdiskdownload\scannersdk\scannersdk\serialdriver.cpp(134): error C2228: “.fParity”的左边必须有类/结构/联合
  d:\baidunetdiskdownload\scannersdk\scannersdk\serialdriver.cpp(134): note: 类型是“unknown-type”
d:\baidunetdiskdownload\scannersdk\scannersdk\serialdriver.cpp(135): error C2065: “muComDcb”: 未声明的标识符
d:\baidunetdiskdownload\scannersdk\scannersdk\serialdriver.cpp(135): error C2228: “.XonChar”的左边必须有类/结构/联合
  d:\baidunetdiskdownload\scannersdk\scannersdk\serialdriver.cpp(135): note: 类型是“unknown-type”
d:\baidunetdiskdownload\scannersdk\scannersdk\serialdriver.cpp(136): error C2065: “muComDcb”: 未声明的标识符
d:\baidunetdiskdownload\scannersdk\scannersdk\serialdriver.cpp(136): error C2228: “.XoffChar”的左边必须有类/结构/联合
  d:\baidunetdiskdownload\scannersdk\scannersdk\serialdriver.cpp(136): note: 类型是“unknown-type”
d:\baidunetdiskdownload\scannersdk\scannersdk\serialdriver.cpp(137): error C2065: “mhCom”: 未声明的标识符
d:\baidunetdiskdownload\scannersdk\scannersdk\serialdriver.cpp(140): error C2065: “mbOpenFlag”: 未声明的标识符
d:\baidunetdiskdownload\scannersdk\scannersdk\serialdriver.cpp(141): error C3861: “StartReceiveThread”: 找不到标识符
d:\baidunetdiskdownload\scannersdk\scannersdk\serialdriver.cpp(146): error C2065: “mbOpenFlag”: 未声明的标识符
d:\baidunetdiskdownload\scannersdk\scannersdk\serialdriver.cpp(147): error C2065: “SR_FAIL”: 未声明的标识符
d:\baidunetdiskdownload\scannersdk\scannersdk\serialdriver.cpp(152): error C2065: “SR_PARAERR”: 未声明的标识符
d:\baidunetdiskdownload\scannersdk\scannersdk\serialdriver.cpp(161): error C2653: “SerialDriver”: 不是类或命名空间名称
d:\baidunetdiskdownload\scannersdk\scannersdk\serialdriver.cpp(163): error C2065: “mhCom”: 未声明的标识符
d:\baidunetdiskdownload\scannersdk\scannersdk\serialdriver.cpp(165): error C2065: “mhCom”: 未声明的标识符
d:\baidunetdiskdownload\scannersdk\scannersdk\serialdriver.cpp(166): error C2065: “mhCom”: 未声明的标识符
d:\baidunetdiskdownload\scannersdk\scannersdk\serialdriver.cpp(167): error C3861: “StopReceiveThread”: 找不到标识符
d:\baidunetdiskdownload\scannersdk\scannersdk\serialdriver.cpp(168): error C2065: “mbOpenFlag”: 未声明的标识符
d:\baidunetdiskdownload\scannersdk\scannersdk\serialdriver.cpp(170): error C2065: “SR_OK”: 未声明的标识符
d:\baidunetdiskdownload\scannersdk\scannersdk\serialdriver.cpp(177): error C2653: “SerialDriver”: 不是类或命名空间名称
d:\baidunetdiskdownload\scannersdk\scannersdk\serialdriver.cpp(179): error C2065: “mbOpenFlag”: 未声明的标识符
d:\baidunetdiskdownload\scannersdk\scannersdk\serialdriver.cpp(187): error C2653: “SerialDriver”: 不是类或命名空间名称
d:\baidunetdiskdownload\scannersdk\scannersdk\serialdriver.cpp(191): error C2065: “mhCom”: 未声明的标识符
d:\baidunetdiskdownload\scannersdk\scannersdk\serialdriver.cpp(192): error C2065: “mhCom”: 未声明的标识符
d:\baidunetdiskdownload\scannersdk\scannersdk\serialdriver.cpp(198): error C2065: “mhCom”: 未声明的标识符
d:\baidunetdiskdownload\scannersdk\scannersdk\serialdriver.cpp(200): error C2065: “mRecThread”: 未声明的标识符
d:\baidunetdiskdownload\scannersdk\scannersdk\serialdriver.cpp(203): error C2653: “SerialDriver”: 不是类或命名空间名称
d:\baidunetdiskdownload\scannersdk\scannersdk\serialdriver.cpp(203): error C2065: “ReceiveThreadFunc”: 未声明的标识符
d:\baidunetdiskdownload\scannersdk\scannersdk\serialdriver.cpp(204): error C2355: “this”: 只能在非静态成员函数或非静态数据成员初始值设定项的内部引用
d:\baidunetdiskdownload\scannersdk\scannersdk\serialdriver.cpp(209): error C2065: “mRecThread”: 未声明的标识符
d:\baidunetdiskdownload\scannersdk\scannersdk\serialdriver.cpp(210): error C2065: “SR_TREADFAIL”: 未声明的标识符
d:\baidunetdiskdownload\scannersdk\scannersdk\serialdriver.cpp(212): error C2065: “SR_OK”: 未声明的标识符
d:\baidunetdiskdownload\scannersdk\scannersdk\serialdriver.cpp(220): error C2653: “SerialDriver”: 不是类或命名空间名称
d:\baidunetdiskdownload\scannersdk\scannersdk\serialdriver.cpp(223): error C2065: “mRecThread”: 未声明的标识符
d:\baidunetdiskdownload\scannersdk\scannersdk\serialdriver.cpp(226): error C2065: “mRecThread”: 未声明的标识符
d:\baidunetdiskdownload\scannersdk\scannersdk\serialdriver.cpp(228): error C2065: “mRecThread”: 未声明的标识符
d:\baidunetdiskdownload\scannersdk\scannersdk\serialdriver.cpp(229): error C2065: “SR_OK”: 未声明的标识符
d:\baidunetdiskdownload\scannersdk\scannersdk\serialdriver.cpp(229): fatal error C1003: 错误计数超过 100；正在停止编译
